# JRE version: OpenJDK Runtime Environment (21.0.4) (build 21.0.4+-12508038-b607.1)
# Java VM: OpenJDK 64-Bit Server VM (21.0.4+-12508038-b607.1, mixed mode, tiered, compressed oops, compressed class ptrs, g1 gc, windows-amd64)
GC Precious Log:
 CardTable entry size: 512
 Card Set container configuration: InlinePtr #cards 5 size 8 Array Of Cards #cards 12 size 40 Howl #buckets 4 coarsen threshold 1843 Howl Bitmap #cards 512 size 80 coarsen threshold 460 Card regions per heap region 1 cards per card region 2048
 CPUs: 16 total, 16 available
 Memory: 16088M
 Large Page Support: Disabled
 NUMA Support: Disabled
 Compressed Oops: Enabled (32-bit)
 Heap Region Size: 1M
 Heap Min Capacity: 8M
 Heap Initial Capacity: 252M
 Heap Max Capacity: 2G
 Pre-touch: Disabled
 Parallel Workers: 13
 Concurrent Workers: 3
 Concurrent Refinement Workers: 13
 Periodic GC: Disabled
Heap:
 garbage-first heap   total 274432K, used 153063K [0x0000000080000000, 0x0000000100000000)
  region size 1024K, 32 young (32768K), 6 survivors (6144K)
 Metaspace       used 123064K, committed 125248K, reserved 1179648K
  class space    used 16253K, committed 17344K, reserved 1048576K
GC Heap History (20 events):
Event: 9.589 GC heap before
{Heap before GC invocations=34 (full 0):
 garbage-first heap   total 198656K, used 177645K [0x0000000080000000, 0x0000000100000000)
  region size 1024K, 82 young (83968K), 8 survivors (8192K)
 Metaspace       used 110265K, committed 112384K, reserved 1179648K
  class space    used 14907K, committed 16000K, reserved 1048576K
}
Event: 9.594 GC heap after
{Heap after GC invocations=35 (full 0):
 garbage-first heap   total 198656K, used 105660K [0x0000000080000000, 0x0000000100000000)
  region size 1024K, 9 young (9216K), 9 survivors (9216K)
 Metaspace       used 110265K, committed 112384K, reserved 1179648K
  class space    used 14907K, committed 16000K, reserved 1048576K
}
Event: 9.839 GC heap before
{Heap before GC invocations=35 (full 0):
 garbage-first heap   total 198656K, used 141500K [0x0000000080000000, 0x0000000100000000)
  region size 1024K, 46 young (47104K), 9 survivors (9216K)
 Metaspace       used 112548K, committed 114624K, reserved 1179648K
  class space    used 15145K, committed 16192K, reserved 1048576K
}
Event: 9.845 GC heap after
{Heap after GC invocations=36 (full 0):
 garbage-first heap   total 198656K, used 111680K [0x0000000080000000, 0x0000000100000000)
  region size 1024K, 10 young (10240K), 10 survivors (10240K)
 Metaspace       used 112548K, committed 114624K, reserved 1179648K
  class space    used 15145K, committed 16192K, reserved 1048576K
}
Event: 10.300 GC heap before
{Heap before GC invocations=37 (full 0):
 garbage-first heap   total 198656K, used 180288K [0x0000000080000000, 0x0000000100000000)
  region size 1024K, 73 young (74752K), 10 survivors (10240K)
 Metaspace       used 115819K, committed 118016K, reserved 1179648K
  class space    used 15530K, committed 16640K, reserved 1048576K
}
Event: 10.305 GC heap after
{Heap after GC invocations=38 (full 0):
 garbage-first heap   total 199680K, used 118559K [0x0000000080000000, 0x0000000100000000)
  region size 1024K, 8 young (8192K), 8 survivors (8192K)
 Metaspace       used 115819K, committed 118016K, reserved 1179648K
  class space    used 15530K, committed 16640K, reserved 1048576K
}
Event: 10.466 GC heap before
{Heap before GC invocations=38 (full 0):
 garbage-first heap   total 199680K, used 177951K [0x0000000080000000, 0x0000000100000000)
  region size 1024K, 67 young (68608K), 8 survivors (8192K)
 Metaspace       used 116100K, committed 118336K, reserved 1179648K
  class space    used 15586K, committed 16704K, reserved 1048576K
}
Event: 10.471 GC heap after
{Heap after GC invocations=39 (full 0):
 garbage-first heap   total 199680K, used 119588K [0x0000000080000000, 0x0000000100000000)
  region size 1024K, 5 young (5120K), 5 survivors (5120K)
 Metaspace       used 116100K, committed 118336K, reserved 1179648K
  class space    used 15586K, committed 16704K, reserved 1048576K
}
Event: 10.670 GC heap before
{Heap before GC invocations=39 (full 0):
 garbage-first heap   total 199680K, used 180004K [0x0000000080000000, 0x0000000100000000)
  region size 1024K, 65 young (66560K), 5 survivors (5120K)
 Metaspace       used 116318K, committed 118528K, reserved 1179648K
  class space    used 15613K, committed 16704K, reserved 1048576K
}
Event: 10.673 GC heap after
{Heap after GC invocations=40 (full 0):
 garbage-first heap   total 199680K, used 121787K [0x0000000080000000, 0x0000000100000000)
  region size 1024K, 7 young (7168K), 7 survivors (7168K)
 Metaspace       used 116318K, committed 118528K, reserved 1179648K
  class space    used 15613K, committed 16704K, reserved 1048576K
}
Event: 10.795 GC heap before
{Heap before GC invocations=41 (full 0):
 garbage-first heap   total 204800K, used 180155K [0x0000000080000000, 0x0000000100000000)
  region size 1024K, 65 young (66560K), 7 survivors (7168K)
 Metaspace       used 116387K, committed 118528K, reserved 1179648K
  class space    used 15622K, committed 16704K, reserved 1048576K
}
Event: 10.798 GC heap after
{Heap after GC invocations=42 (full 0):
 garbage-first heap   total 204800K, used 123706K [0x0000000080000000, 0x0000000100000000)
  region size 1024K, 7 young (7168K), 7 survivors (7168K)
 Metaspace       used 116387K, committed 118528K, reserved 1179648K
  class space    used 15622K, committed 16704K, reserved 1048576K
}
Event: 10.945 GC heap before
{Heap before GC invocations=42 (full 0):
 garbage-first heap   total 204800K, used 186170K [0x0000000080000000, 0x0000000100000000)
  region size 1024K, 69 young (70656K), 7 survivors (7168K)
 Metaspace       used 116595K, committed 118784K, reserved 1179648K
  class space    used 15649K, committed 16768K, reserved 1048576K
}
Event: 10.950 GC heap after
{Heap after GC invocations=43 (full 0):
 garbage-first heap   total 204800K, used 123410K [0x0000000080000000, 0x0000000100000000)
  region size 1024K, 7 young (7168K), 7 survivors (7168K)
 Metaspace       used 116595K, committed 118784K, reserved 1179648K
  class space    used 15649K, committed 16768K, reserved 1048576K
}
Event: 11.145 GC heap before
{Heap before GC invocations=43 (full 0):
 garbage-first heap   total 204800K, used 184850K [0x0000000080000000, 0x0000000100000000)
  region size 1024K, 68 young (69632K), 7 survivors (7168K)
 Metaspace       used 116813K, committed 119040K, reserved 1179648K
  class space    used 15667K, committed 16768K, reserved 1048576K
}
Event: 11.149 GC heap after
{Heap after GC invocations=44 (full 0):
 garbage-first heap   total 204800K, used 125100K [0x0000000080000000, 0x0000000100000000)
  region size 1024K, 7 young (7168K), 7 survivors (7168K)
 Metaspace       used 116813K, committed 119040K, reserved 1179648K
  class space    used 15667K, committed 16768K, reserved 1048576K
}
Event: 11.278 GC heap before
{Heap before GC invocations=45 (full 0):
 garbage-first heap   total 211968K, used 183468K [0x0000000080000000, 0x0000000100000000)
  region size 1024K, 65 young (66560K), 7 survivors (7168K)
 Metaspace       used 116852K, committed 119040K, reserved 1179648K
  class space    used 15669K, committed 16768K, reserved 1048576K
}
Event: 11.281 GC heap after
{Heap after GC invocations=46 (full 0):
 garbage-first heap   total 211968K, used 127126K [0x0000000080000000, 0x0000000100000000)
  region size 1024K, 7 young (7168K), 7 survivors (7168K)
 Metaspace       used 116852K, committed 119040K, reserved 1179648K
  class space    used 15669K, committed 16768K, reserved 1048576K
}
Event: 62.124 GC heap before
{Heap before GC invocations=46 (full 0):
 garbage-first heap   total 211968K, used 191638K [0x0000000080000000, 0x0000000100000000)
  region size 1024K, 71 young (72704K), 7 survivors (7168K)
 Metaspace       used 122987K, committed 125184K, reserved 1179648K
  class space    used 16251K, committed 17344K, reserved 1048576K
}
Event: 62.129 GC heap after
{Heap after GC invocations=47 (full 0):
 garbage-first heap   total 274432K, used 127463K [0x0000000080000000, 0x0000000100000000)
  region size 1024K, 6 young (6144K), 6 survivors (6144K)
 Metaspace       used 122987K, committed 125184K, reserved 1179648K
  class space    used 16251K, committed 17344K, reserved 1048576K
}

