# JRE version: OpenJDK Runtime Environment (21.0.4) (build 21.0.4+-12508038-b607.1)
# Java VM: OpenJDK 64-Bit Server VM (21.0.4+-12508038-b607.1, mixed mode, tiered, compressed oops, compressed class ptrs, g1 gc, windows-amd64)
GC Precious Log:
 CardTable entry size: 512
 Card Set container configuration: InlinePtr #cards 5 size 8 Array Of Cards #cards 12 size 40 Howl #buckets 4 coarsen threshold 1843 Howl Bitmap #cards 512 size 80 coarsen threshold 460 Card regions per heap region 1 cards per card region 2048
 CPUs: 16 total, 16 available
 Memory: 16088M
 Large Page Support: Disabled
 NUMA Support: Disabled
 Compressed Oops: Enabled (32-bit)
 Heap Region Size: 1M
 Heap Min Capacity: 8M
 Heap Initial Capacity: 252M
 Heap Max Capacity: 2G
 Pre-touch: Disabled
 Parallel Workers: 13
 Concurrent Workers: 3
 Concurrent Refinement Workers: 13
 Periodic GC: Disabled
Heap:
 garbage-first heap   total 209920K, used 148442K [0x0000000080000000, 0x0000000100000000)
  region size 1024K, 43 young (44032K), 11 survivors (11264K)
 Metaspace       used 115678K, committed 117824K, reserved 1179648K
  class space    used 15539K, committed 16640K, reserved 1048576K
GC Heap History (20 events):
Event: 5.343 GC heap before
{Heap before GC invocations=19 (full 0):
 garbage-first heap   total 156672K, used 151429K [0x0000000080000000, 0x0000000100000000)
  region size 1024K, 91 young (93184K), 7 survivors (7168K)
 Metaspace       used 74899K, committed 76672K, reserved 1179648K
  class space    used 9971K, committed 10880K, reserved 1048576K
}
Event: 5.349 GC heap after
{Heap after GC invocations=20 (full 0):
 garbage-first heap   total 168960K, used 74104K [0x0000000080000000, 0x0000000100000000)
  region size 1024K, 12 young (12288K), 12 survivors (12288K)
 Metaspace       used 74899K, committed 76672K, reserved 1179648K
  class space    used 9971K, committed 10880K, reserved 1048576K
}
Event: 5.818 GC heap before
{Heap before GC invocations=20 (full 0):
 garbage-first heap   total 168960K, used 151928K [0x0000000080000000, 0x0000000100000000)
  region size 1024K, 83 young (84992K), 12 survivors (12288K)
 Metaspace       used 81423K, committed 83328K, reserved 1179648K
  class space    used 10864K, committed 11840K, reserved 1048576K
}
Event: 5.824 GC heap after
{Heap after GC invocations=21 (full 0):
 garbage-first heap   total 173056K, used 81698K [0x0000000080000000, 0x0000000100000000)
  region size 1024K, 7 young (7168K), 7 survivors (7168K)
 Metaspace       used 81423K, committed 83328K, reserved 1179648K
  class space    used 10864K, committed 11840K, reserved 1048576K
}
Event: 6.163 GC heap before
{Heap before GC invocations=21 (full 0):
 garbage-first heap   total 173056K, used 126754K [0x0000000080000000, 0x0000000100000000)
  region size 1024K, 52 young (53248K), 7 survivors (7168K)
 Metaspace       used 85821K, committed 87744K, reserved 1179648K
  class space    used 11427K, committed 12352K, reserved 1048576K
}
Event: 6.167 GC heap after
{Heap after GC invocations=22 (full 0):
 garbage-first heap   total 173056K, used 83737K [0x0000000080000000, 0x0000000100000000)
  region size 1024K, 3 young (3072K), 3 survivors (3072K)
 Metaspace       used 85821K, committed 87744K, reserved 1179648K
  class space    used 11427K, committed 12352K, reserved 1048576K
}
Event: 6.589 GC heap before
{Heap before GC invocations=23 (full 0):
 garbage-first heap   total 173056K, used 160537K [0x0000000080000000, 0x0000000100000000)
  region size 1024K, 74 young (75776K), 3 survivors (3072K)
 Metaspace       used 90222K, committed 92160K, reserved 1179648K
  class space    used 11993K, committed 12928K, reserved 1048576K
}
Event: 6.593 GC heap after
{Heap after GC invocations=24 (full 0):
 garbage-first heap   total 173056K, used 94553K [0x0000000080000000, 0x0000000100000000)
  region size 1024K, 10 young (10240K), 10 survivors (10240K)
 Metaspace       used 90222K, committed 92160K, reserved 1179648K
  class space    used 11993K, committed 12928K, reserved 1048576K
}
Event: 6.873 GC heap before
{Heap before GC invocations=24 (full 0):
 garbage-first heap   total 173056K, used 151897K [0x0000000080000000, 0x0000000100000000)
  region size 1024K, 66 young (67584K), 10 survivors (10240K)
 Metaspace       used 93573K, committed 95552K, reserved 1179648K
  class space    used 12436K, committed 13440K, reserved 1048576K
}
Event: 6.879 GC heap after
{Heap after GC invocations=25 (full 0):
 garbage-first heap   total 173056K, used 96096K [0x0000000080000000, 0x0000000100000000)
  region size 1024K, 5 young (5120K), 5 survivors (5120K)
 Metaspace       used 93573K, committed 95552K, reserved 1179648K
  class space    used 12436K, committed 13440K, reserved 1048576K
}
Event: 6.913 GC heap before
{Heap before GC invocations=25 (full 0):
 garbage-first heap   total 173056K, used 101216K [0x0000000080000000, 0x0000000100000000)
  region size 1024K, 11 young (11264K), 5 survivors (5120K)
 Metaspace       used 93981K, committed 95936K, reserved 1179648K
  class space    used 12488K, committed 13440K, reserved 1048576K
}
Event: 6.916 GC heap after
{Heap after GC invocations=26 (full 0):
 garbage-first heap   total 173056K, used 96277K [0x0000000080000000, 0x0000000100000000)
  region size 1024K, 5 young (5120K), 5 survivors (5120K)
 Metaspace       used 93981K, committed 95936K, reserved 1179648K
  class space    used 12488K, committed 13440K, reserved 1048576K
}
Event: 7.342 GC heap before
{Heap before GC invocations=27 (full 0):
 garbage-first heap   total 173056K, used 158741K [0x0000000080000000, 0x0000000100000000)
  region size 1024K, 65 young (66560K), 5 survivors (5120K)
 Metaspace       used 98844K, committed 100800K, reserved 1179648K
  class space    used 13309K, committed 14272K, reserved 1048576K
}
Event: 7.346 GC heap after
{Heap after GC invocations=28 (full 0):
 garbage-first heap   total 207872K, used 97853K [0x0000000080000000, 0x0000000100000000)
  region size 1024K, 7 young (7168K), 7 survivors (7168K)
 Metaspace       used 98844K, committed 100800K, reserved 1179648K
  class space    used 13309K, committed 14272K, reserved 1048576K
}
Event: 7.932 GC heap before
{Heap before GC invocations=28 (full 0):
 garbage-first heap   total 207872K, used 183869K [0x0000000080000000, 0x0000000100000000)
  region size 1024K, 91 young (93184K), 7 survivors (7168K)
 Metaspace       used 105040K, committed 107136K, reserved 1179648K
  class space    used 14206K, committed 15232K, reserved 1048576K
}
Event: 7.937 GC heap after
{Heap after GC invocations=29 (full 0):
 garbage-first heap   total 207872K, used 101985K [0x0000000080000000, 0x0000000100000000)
  region size 1024K, 8 young (8192K), 8 survivors (8192K)
 Metaspace       used 105040K, committed 107136K, reserved 1179648K
  class space    used 14206K, committed 15232K, reserved 1048576K
}
Event: 8.541 GC heap before
{Heap before GC invocations=29 (full 0):
 garbage-first heap   total 207872K, used 185953K [0x0000000080000000, 0x0000000100000000)
  region size 1024K, 91 young (93184K), 8 survivors (8192K)
 Metaspace       used 111584K, committed 113792K, reserved 1179648K
  class space    used 15076K, committed 16192K, reserved 1048576K
}
Event: 8.547 GC heap after
{Heap after GC invocations=30 (full 0):
 garbage-first heap   total 207872K, used 107571K [0x0000000080000000, 0x0000000100000000)
  region size 1024K, 11 young (11264K), 11 survivors (11264K)
 Metaspace       used 111584K, committed 113792K, reserved 1179648K
  class space    used 15076K, committed 16192K, reserved 1048576K
}
Event: 9.103 GC heap before
{Heap before GC invocations=31 (full 0):
 garbage-first heap   total 207872K, used 188467K [0x0000000080000000, 0x0000000100000000)
  region size 1024K, 86 young (88064K), 11 survivors (11264K)
 Metaspace       used 115676K, committed 117824K, reserved 1179648K
  class space    used 15539K, committed 16640K, reserved 1048576K
}
Event: 9.111 GC heap after
{Heap after GC invocations=32 (full 0):
 garbage-first heap   total 209920K, used 116698K [0x0000000080000000, 0x0000000100000000)
  region size 1024K, 11 young (11264K), 11 survivors (11264K)
 Metaspace       used 115676K, committed 117824K, reserved 1179648K
  class space    used 15539K, committed 16640K, reserved 1048576K
}

